  SandboxApp.cpp
d:\gameengine\game-engine\game-engine\src\gameengine\log.h(19): warning C4251: 'ge::Log::s_CoreLogger': class 'std::shared_ptr<spdlog::logger>' needs to have dll-interface to be used by clients of class 'ge::Log'
  d:\gameengine\game-engine\game-engine\vendor\spdlog\include\spdlog\details\registry.h(33): note: see declaration of 'std::shared_ptr<spdlog::logger>'
d:\gameengine\game-engine\game-engine\src\gameengine\log.h(20): warning C4251: 'ge::Log::s_ClientLogger': class 'std::shared_ptr<spdlog::logger>' needs to have dll-interface to be used by clients of class 'ge::Log'
  d:\gameengine\game-engine\game-engine\vendor\spdlog\include\spdlog\details\registry.h(33): note: see declaration of 'std::shared_ptr<spdlog::logger>'
d:\gameengine\game-engine\game-engine\src\gameengine\layer.h(21): warning C4251: 'ge::Layer::m_DebugName': class 'std::basic_string<char,std::char_traits<char>,std::allocator<char>>' needs to have dll-interface to be used by clients of class 'ge::Layer'
  c:\program files (x86)\microsoft visual studio\2017\community\vc\tools\msvc\14.15.26726\include\xstring(4373): note: see declaration of 'std::basic_string<char,std::char_traits<char>,std::allocator<char>>'
d:\gameengine\game-engine\game-engine\src\gameengine\layerstack.h(23): warning C4251: 'ge::LayerStack::m_Layers': class 'std::vector<ge::Layer *,std::allocator<_Ty>>' needs to have dll-interface to be used by clients of class 'ge::LayerStack'
          with
          [
              _Ty=ge::Layer *
          ]
  d:\gameengine\game-engine\game-engine\src\gameengine\layerstack.h(20): note: see declaration of 'std::vector<ge::Layer *,std::allocator<_Ty>>'
          with
          [
              _Ty=ge::Layer *
          ]
d:\gameengine\game-engine\game-engine\src\gameengine\layerstack.h(25): warning C4251: 'ge::LayerStack::m_LayerInsert': class 'std::_Vector_iterator<std::_Vector_val<std::_Simple_types<_Ty>>>' needs to have dll-interface to be used by clients of class 'ge::LayerStack'
          with
          [
              _Ty=ge::Layer *
          ]
  c:\program files (x86)\microsoft visual studio\2017\community\vc\tools\msvc\14.15.26726\include\vector(416): note: see declaration of 'std::_Vector_iterator<std::_Vector_val<std::_Simple_types<_Ty>>>'
          with
          [
              _Ty=ge::Layer *
          ]
d:\gameengine\game-engine\game-engine\src\gameengine\application.h(31): warning C4251: 'ge::Application::m_Window': class 'std::unique_ptr<ge::Window,std::default_delete<_Ty>>' needs to have dll-interface to be used by clients of class 'ge::Application'
          with
          [
              _Ty=ge::Window
          ]
  d:\gameengine\game-engine\game-engine\src\gameengine\application.h(31): note: see declaration of 'std::unique_ptr<ge::Window,std::default_delete<_Ty>>'
          with
          [
              _Ty=ge::Window
          ]
  Sandbox.vcxproj -> D:\GameEngine\Game-Engine\Sandbox\..\bin\Debug-windows-x86_64\Sandbox\Sandbox.exe
