d:\gameengine\game-engine\bin-int\debug-windows-x86_64\game-engine\game-engine.pch
d:\gameengine\game-engine\bin-int\debug-windows-x86_64\game-engine\game-engine.pdb
d:\gameengine\game-engine\bin-int\debug-windows-x86_64\game-engine\game-engine.idb
d:\gameengine\game-engine\bin-int\debug-windows-x86_64\game-engine\gepch.obj
d:\gameengine\game-engine\bin-int\debug-windows-x86_64\game-engine\windowswindow.obj
d:\gameengine\game-engine\bin-int\debug-windows-x86_64\game-engine\windowsinput.obj
d:\gameengine\game-engine\bin-int\debug-windows-x86_64\game-engine\log.obj
d:\gameengine\game-engine\bin-int\debug-windows-x86_64\game-engine\layerstack.obj
d:\gameengine\game-engine\bin-int\debug-windows-x86_64\game-engine\layer.obj
d:\gameengine\game-engine\bin-int\debug-windows-x86_64\game-engine\imguilayer.obj
d:\gameengine\game-engine\bin-int\debug-windows-x86_64\game-engine\imguibuild.obj
d:\gameengine\game-engine\bin-int\debug-windows-x86_64\game-engine\application.obj
d:\gameengine\game-engine\bin\debug-windows-x86_64\game-engine\game-engine.lib
d:\gameengine\game-engine\game-engine\..\bin\debug-windows-x86_64\game-engine\game-engine.lib
d:\gameengine\game-engine\bin-int\debug-windows-x86_64\game-engine\game-engine.tlog\cl.command.1.tlog
d:\gameengine\game-engine\bin-int\debug-windows-x86_64\game-engine\game-engine.tlog\cl.read.1.tlog
d:\gameengine\game-engine\bin-int\debug-windows-x86_64\game-engine\game-engine.tlog\cl.write.1.tlog
d:\gameengine\game-engine\bin-int\debug-windows-x86_64\game-engine\game-engine.tlog\lib-link.read.1.tlog
d:\gameengine\game-engine\bin-int\debug-windows-x86_64\game-engine\game-engine.tlog\lib-link.write.1.tlog
d:\gameengine\game-engine\bin-int\debug-windows-x86_64\game-engine\game-engine.tlog\lib.command.1.tlog
