  gepch.cpp
  Application.cpp
  Layer.cpp
  LayerStack.cpp
  Log.cpp
  ImGuiBuild.cpp
  ImGuiLayer.cpp
  Buffer.cpp
  Lighting.cpp
  Mesh.cpp
  Model.cpp
  OrthographicCamera.cpp
  OrthographicCameraController.cpp
  PerspectiveCamera.cpp
  PerspectiveCameraController.cpp
  RenderCommand.cpp
  Renderer.cpp
D:\GameEngine\Game-Engine\Game-Engine\src\GameEngine\Renderer\Mesh.cpp(68,68): warning C4267: 'argument': conversion from 'size_t' to 'GLsizei', possible loss of data
  RendererAPI.cpp
  Shader.cpp
  Texture.cpp
  VertexArray.cpp
  OpenGLBuffer.cpp
  OpenGLContext.cpp
  OpenGLRendererAPI.cpp
  OpenGLShader.cpp
  OpenGLTexture.cpp
  OpenGLVertexArray.cpp
  WindowsInput.cpp
  WindowsWindow.cpp
  stb_image.cpp
  Game-Engine.vcxproj -> D:\GameEngine\Game-Engine\Game-Engine\..\bin\Debug-windows-x86_64\Game-Engine\Game-Engine.lib
